[INFO ] 2022-05-05 20:11:05.489 [main] Helper - Trying to click [[ChromeDriver: chrome on MAC (c819725d198296b4dd3a77a34177c9b9)] -> xpath: /html[1]/body[1]/div[2]/div[1]/main[1]/section[1]/figure[1]/div[1]/div[1]/div[2]/div[1]/form[1]/div[3]/button[1]]
[DEBUG] 2022-05-05 20:11:05.497 [main] Helper - Waiting for element to be displayed [[ChromeDriver: chrome on MAC (c819725d198296b4dd3a77a34177c9b9)] -> xpath: /html[1]/body[1]/div[2]/div[1]/main[1]/section[1]/figure[1]/div[1]/div[1]/div[2]/div[1]/form[1]/div[3]/button[1]]
[DEBUG] 2022-05-05 20:11:05.716 [main] Helper - Waiting for element to be clickable [[ChromeDriver: chrome on MAC (c819725d198296b4dd3a77a34177c9b9)] -> xpath: /html[1]/body[1]/div[2]/div[1]/main[1]/section[1]/figure[1]/div[1]/div[1]/div[2]/div[1]/form[1]/div[3]/button[1]]
[INFO ] 2022-05-05 20:11:17.491 [main] Helper - Element is clicked Proxy element for: DefaultElementLocator 'By.xpath: /html[1]/body[1]/div[2]/div[1]/main[1]/section[1]/figure[1]/div[1]/div[1]/div[2]/div[1]/form[1]/div[3]/button[1]'
[INFO ] 2022-05-05 20:11:17.492 [main] Helper - Pausing th System for 2000
[DEBUG] 2022-05-05 20:11:17.492 [main] Helper - Trying to pause the System
[DEBUG] 2022-05-05 20:11:19.506 [main] Helper - Waiting for element to be displayed [[ChromeDriver: chrome on MAC (c819725d198296b4dd3a77a34177c9b9)] -> xpath: /html/body/div[1]/div/div/div/div[1]/h2/span[1]]
[DEBUG] 2022-05-05 20:11:19.525 [main] Helper - Waiting for element to be displayed [[ChromeDriver: chrome on MAC (c819725d198296b4dd3a77a34177c9b9)] -> xpath: /html/body/div[1]/div/div/div/div[1]/h2/span[1]]
[INFO ] 2022-05-05 20:11:19.544 [main] Helper - Get text value from [[ChromeDriver: chrome on MAC (c819725d198296b4dd3a77a34177c9b9)] -> xpath: /html/body/div[1]/div/div/div/div[1]/h2/span[1]]
[DEBUG] 2022-05-05 20:11:19.549 [main] Helper - Waiting for element to be displayed [[ChromeDriver: chrome on MAC (c819725d198296b4dd3a77a34177c9b9)] -> xpath: /html/body/div[1]/div/div/div/div[1]/h2/span[1]]
[INFO ] 2022-05-05 20:11:19.584 [main] Helper - Trying to click [[ChromeDriver: chrome on MAC (c819725d198296b4dd3a77a34177c9b9)] -> xpath: /html/body/div[1]/div/div/div/div[2]/div/a[2]]
[DEBUG] 2022-05-05 20:11:19.588 [main] Helper - Waiting for element to be displayed [[ChromeDriver: chrome on MAC (c819725d198296b4dd3a77a34177c9b9)] -> xpath: /html/body/div[1]/div/div/div/div[2]/div/a[2]]
[DEBUG] 2022-05-05 20:11:19.601 [main] Helper - Waiting for element to be clickable [[ChromeDriver: chrome on MAC (c819725d198296b4dd3a77a34177c9b9)] -> xpath: /html/body/div[1]/div/div/div/div[2]/div/a[2]]
[INFO ] 2022-05-05 20:11:29.852 [main] Helper - Element is clicked Proxy element for: DefaultElementLocator 'By.xpath: /html/body/div[1]/div/div/div/div[2]/div/a[2]'
[DEBUG] 2022-05-05 20:11:29.872 [main] Helper - Waiting for element to be displayed [[ChromeDriver: chrome on MAC (c819725d198296b4dd3a77a34177c9b9)] -> xpath: /html[1]/body[1]/div[1]/div[1]/div[1]/div[1]/div[2]/div[1]/a[1]]
[DEBUG] 2022-05-05 20:11:29.888 [main] Helper - Waiting for element to be displayed [[ChromeDriver: chrome on MAC (c819725d198296b4dd3a77a34177c9b9)] -> xpath: /html[1]/body[1]/div[1]/div[1]/div[1]/div[1]/div[2]/div[1]/a[1]]
[INFO ] 2022-05-05 20:11:29.901 [main] Helper - Get text value from [[ChromeDriver: chrome on MAC (c819725d198296b4dd3a77a34177c9b9)] -> xpath: /html[1]/body[1]/div[1]/div[1]/div[1]/div[1]/div[2]/div[1]/a[1]]
[DEBUG] 2022-05-05 20:11:29.906 [main] Helper - Waiting for element to be displayed [[ChromeDriver: chrome on MAC (c819725d198296b4dd3a77a34177c9b9)] -> xpath: /html[1]/body[1]/div[1]/div[1]/div[1]/div[1]/div[2]/div[1]/a[1]]
[DEBUG] 2022-05-05 20:11:29.934 [main] Helper - Waiting for element to be clickable [[ChromeDriver: chrome on MAC (c819725d198296b4dd3a77a34177c9b9)] -> xpath: /html[1]/body[1]/div[1]/div[1]/div[1]/div[1]/div[2]/div[1]/a[1]]
[INFO ] 2022-05-05 20:11:29.955 [main] Helper - Trying to click [[ChromeDriver: chrome on MAC (c819725d198296b4dd3a77a34177c9b9)] -> xpath: /html[1]/body[1]/div[1]/div[1]/div[1]/div[1]/div[2]/div[1]/a[1]]
[DEBUG] 2022-05-05 20:11:29.961 [main] Helper - Waiting for element to be displayed [[ChromeDriver: chrome on MAC (c819725d198296b4dd3a77a34177c9b9)] -> xpath: /html[1]/body[1]/div[1]/div[1]/div[1]/div[1]/div[2]/div[1]/a[1]]
[DEBUG] 2022-05-05 20:11:29.976 [main] Helper - Waiting for element to be clickable [[ChromeDriver: chrome on MAC (c819725d198296b4dd3a77a34177c9b9)] -> xpath: /html[1]/body[1]/div[1]/div[1]/div[1]/div[1]/div[2]/div[1]/a[1]]
[INFO ] 2022-05-05 20:11:30.168 [main] Helper - Element is clicked [[ChromeDriver: chrome on MAC (c819725d198296b4dd3a77a34177c9b9)] -> xpath: /html[1]/body[1]/div[1]/div[1]/div[1]/div[1]/div[2]/div[1]/a[1]]
[DEBUG] 2022-05-05 20:11:30.175 [main] Helper - Waiting for element to be displayed [[ChromeDriver: chrome on MAC (c819725d198296b4dd3a77a34177c9b9)] -> xpath: /html/body/div/div/div/div[1]/section[1]/div/p[1]]
[INFO ] 2022-05-05 20:11:30.212 [main] Helper - Trying to click [[ChromeDriver: chrome on MAC (c819725d198296b4dd3a77a34177c9b9)] -> xpath: /html/body/div/div/div/div[1]/section[1]/div/a[2]]
[DEBUG] 2022-05-05 20:11:30.219 [main] Helper - Waiting for element to be displayed [[ChromeDriver: chrome on MAC (c819725d198296b4dd3a77a34177c9b9)] -> xpath: /html/body/div/div/div/div[1]/section[1]/div/a[2]]
[DEBUG] 2022-05-05 20:11:30.234 [main] Helper - Waiting for element to be clickable [[ChromeDriver: chrome on MAC (c819725d198296b4dd3a77a34177c9b9)] -> xpath: /html/body/div/div/div/div[1]/section[1]/div/a[2]]
[INFO ] 2022-05-05 20:11:30.411 [main] Helper - Element is clicked [[ChromeDriver: chrome on MAC (c819725d198296b4dd3a77a34177c9b9)] -> xpath: /html/body/div/div/div/div[1]/section[1]/div/a[2]]
[DEBUG] 2022-05-05 20:11:30.419 [main] Helper - Waiting for element to be displayed [[ChromeDriver: chrome on MAC (c819725d198296b4dd3a77a34177c9b9)] -> xpath: /html/body/div/div/div/div[1]/section[2]/div/p[1]]
[INFO ] 2022-05-05 20:11:30.444 [main] Helper - Trying to click [[ChromeDriver: chrome on MAC (c819725d198296b4dd3a77a34177c9b9)] -> xpath: /html/body/div/div/div/div[1]/section[2]/div/a[2]]
[DEBUG] 2022-05-05 20:11:30.448 [main] Helper - Waiting for element to be displayed [[ChromeDriver: chrome on MAC (c819725d198296b4dd3a77a34177c9b9)] -> xpath: /html/body/div/div/div/div[1]/section[2]/div/a[2]]
[DEBUG] 2022-05-05 20:11:30.461 [main] Helper - Waiting for element to be clickable [[ChromeDriver: chrome on MAC (c819725d198296b4dd3a77a34177c9b9)] -> xpath: /html/body/div/div/div/div[1]/section[2]/div/a[2]]
[INFO ] 2022-05-05 20:11:30.615 [main] Helper - Element is clicked [[ChromeDriver: chrome on MAC (c819725d198296b4dd3a77a34177c9b9)] -> xpath: /html/body/div/div/div/div[1]/section[2]/div/a[2]]
[DEBUG] 2022-05-05 20:11:30.622 [main] Helper - Waiting for element to be displayed [[ChromeDriver: chrome on MAC (c819725d198296b4dd3a77a34177c9b9)] -> xpath: /html/body/div/div/div/div[1]/section[3]/div/p[1]]
[INFO ] 2022-05-05 20:11:30.655 [main] Helper - Trying to click [[ChromeDriver: chrome on MAC (c819725d198296b4dd3a77a34177c9b9)] -> xpath: /html/body/div/div/div/div[1]/section[3]/div/a]
[DEBUG] 2022-05-05 20:11:30.659 [main] Helper - Waiting for element to be displayed [[ChromeDriver: chrome on MAC (c819725d198296b4dd3a77a34177c9b9)] -> xpath: /html/body/div/div/div/div[1]/section[3]/div/a]
[DEBUG] 2022-05-05 20:11:30.673 [main] Helper - Waiting for element to be clickable [[ChromeDriver: chrome on MAC (c819725d198296b4dd3a77a34177c9b9)] -> xpath: /html/body/div/div/div/div[1]/section[3]/div/a]
[INFO ] 2022-05-05 20:11:30.825 [main] Helper - Element is clicked [[ChromeDriver: chrome on MAC (c819725d198296b4dd3a77a34177c9b9)] -> xpath: /html/body/div/div/div/div[1]/section[3]/div/a]
[INFO ] 2022-05-05 20:11:30.947 [main] Helper - Trying to click [[ChromeDriver: chrome on MAC (c819725d198296b4dd3a77a34177c9b9)] -> xpath: /html/body/div/div/div/div[1]/main/div/div[1]/section/div[2]/div/div[1]/div/div/figure/div[2]/div[4]/div/a[1]]
[DEBUG] 2022-05-05 20:11:30.951 [main] Helper - Waiting for element to be displayed [[ChromeDriver: chrome on MAC (c819725d198296b4dd3a77a34177c9b9)] -> xpath: /html/body/div/div/div/div[1]/main/div/div[1]/section/div[2]/div/div[1]/div/div/figure/div[2]/div[4]/div/a[1]]
[DEBUG] 2022-05-05 20:11:30.965 [main] Helper - Waiting for element to be clickable [[ChromeDriver: chrome on MAC (c819725d198296b4dd3a77a34177c9b9)] -> xpath: /html/body/div/div/div/div[1]/main/div/div[1]/section/div[2]/div/div[1]/div/div/figure/div[2]/div[4]/div/a[1]]
[INFO ] 2022-05-05 20:11:31.128 [main] Helper - Element is clicked [[ChromeDriver: chrome on MAC (c819725d198296b4dd3a77a34177c9b9)] -> xpath: /html/body/div/div/div/div[1]/main/div/div[1]/section/div[2]/div/div[1]/div/div/figure/div[2]/div[4]/div/a[1]]
[INFO ] 2022-05-05 20:11:31.250 [main] Helper - Trying to click [[ChromeDriver: chrome on MAC (c819725d198296b4dd3a77a34177c9b9)] -> xpath: /html/body/div/div/div/div[1]/main/div/div[1]/section/div[2]/div/div[2]/div/div/figure/div[2]/div[4]/div/a[1]]
[DEBUG] 2022-05-05 20:11:31.253 [main] Helper - Waiting for element to be displayed [[ChromeDriver: chrome on MAC (c819725d198296b4dd3a77a34177c9b9)] -> xpath: /html/body/div/div/div/div[1]/main/div/div[1]/section/div[2]/div/div[2]/div/div/figure/div[2]/div[4]/div/a[1]]
[DEBUG] 2022-05-05 20:11:31.269 [main] Helper - Waiting for element to be clickable [[ChromeDriver: chrome on MAC (c819725d198296b4dd3a77a34177c9b9)] -> xpath: /html/body/div/div/div/div[1]/main/div/div[1]/section/div[2]/div/div[2]/div/div/figure/div[2]/div[4]/div/a[1]]
[INFO ] 2022-05-05 20:11:31.435 [main] Helper - Element is clicked [[ChromeDriver: chrome on MAC (c819725d198296b4dd3a77a34177c9b9)] -> xpath: /html/body/div/div/div/div[1]/main/div/div[1]/section/div[2]/div/div[2]/div/div/figure/div[2]/div[4]/div/a[1]]
[INFO ] 2022-05-05 20:11:31.451 [main] Helper - Trying to click [[ChromeDriver: chrome on MAC (c819725d198296b4dd3a77a34177c9b9)] -> xpath: /html/body/div/div/div/div[1]/div[3]/div[1]/button]
[DEBUG] 2022-05-05 20:11:31.457 [main] Helper - Waiting for element to be displayed [[ChromeDriver: chrome on MAC (c819725d198296b4dd3a77a34177c9b9)] -> xpath: /html/body/div/div/div/div[1]/div[3]/div[1]/button]
[DEBUG] 2022-05-05 20:11:31.474 [main] Helper - Waiting for element to be clickable [[ChromeDriver: chrome on MAC (c819725d198296b4dd3a77a34177c9b9)] -> xpath: /html/body/div/div/div/div[1]/div[3]/div[1]/button]
[INFO ] 2022-05-05 20:11:31.672 [main] Helper - Element is clicked [[ChromeDriver: chrome on MAC (c819725d198296b4dd3a77a34177c9b9)] -> xpath: /html/body/div/div/div/div[1]/div[3]/div[1]/button]
[INFO ] 2022-05-05 20:11:31.708 [main] Helper - Trying to click [[ChromeDriver: chrome on MAC (c819725d198296b4dd3a77a34177c9b9)] -> xpath: /html/body/div/div/div/div[1]/div[3]/div[1]/button]
[DEBUG] 2022-05-05 20:11:31.712 [main] Helper - Waiting for element to be displayed [[ChromeDriver: chrome on MAC (c819725d198296b4dd3a77a34177c9b9)] -> xpath: /html/body/div/div/div/div[1]/div[3]/div[1]/button]
[DEBUG] 2022-05-05 20:11:31.725 [main] Helper - Waiting for element to be clickable [[ChromeDriver: chrome on MAC (c819725d198296b4dd3a77a34177c9b9)] -> xpath: /html/body/div/div/div/div[1]/div[3]/div[1]/button]
[INFO ] 2022-05-05 20:11:31.917 [main] Helper - Element is clicked [[ChromeDriver: chrome on MAC (c819725d198296b4dd3a77a34177c9b9)] -> xpath: /html/body/div/div/div/div[1]/div[3]/div[1]/button]
[INFO ] 2022-05-05 20:11:31.944 [main] Helper - Trying to click [[ChromeDriver: chrome on MAC (c819725d198296b4dd3a77a34177c9b9)] -> xpath: /html/body/div/div/div/div[1]/div[3]/div[1]/button]
[DEBUG] 2022-05-05 20:11:31.948 [main] Helper - Waiting for element to be displayed [[ChromeDriver: chrome on MAC (c819725d198296b4dd3a77a34177c9b9)] -> xpath: /html/body/div/div/div/div[1]/div[3]/div[1]/button]
[DEBUG] 2022-05-05 20:11:31.971 [main] Helper - Waiting for element to be clickable [[ChromeDriver: chrome on MAC (c819725d198296b4dd3a77a34177c9b9)] -> xpath: /html/body/div/div/div/div[1]/div[3]/div[1]/button]
[INFO ] 2022-05-05 20:11:32.161 [main] Helper - Element is clicked [[ChromeDriver: chrome on MAC (c819725d198296b4dd3a77a34177c9b9)] -> xpath: /html/body/div/div/div/div[1]/div[3]/div[1]/button]
[INFO ] 2022-05-05 20:11:32.187 [main] Helper - Trying to click [[ChromeDriver: chrome on MAC (c819725d198296b4dd3a77a34177c9b9)] -> xpath: /html/body/div/div/div/div[1]/div[3]/div[1]/button]
[DEBUG] 2022-05-05 20:11:32.196 [main] Helper - Waiting for element to be displayed [[ChromeDriver: chrome on MAC (c819725d198296b4dd3a77a34177c9b9)] -> xpath: /html/body/div/div/div/div[1]/div[3]/div[1]/button]
[DEBUG] 2022-05-05 20:11:32.210 [main] Helper - Waiting for element to be clickable [[ChromeDriver: chrome on MAC (c819725d198296b4dd3a77a34177c9b9)] -> xpath: /html/body/div/div/div/div[1]/div[3]/div[1]/button]
[INFO ] 2022-05-05 20:11:32.395 [main] Helper - Element is clicked [[ChromeDriver: chrome on MAC (c819725d198296b4dd3a77a34177c9b9)] -> xpath: /html/body/div/div/div/div[1]/div[3]/div[1]/button]
[INFO ] 2022-05-05 20:11:32.422 [main] Helper - Trying to click [[ChromeDriver: chrome on MAC (c819725d198296b4dd3a77a34177c9b9)] -> xpath: /html/body/div/div/div/div[1]/div[3]/div[1]/button]
[DEBUG] 2022-05-05 20:11:32.429 [main] Helper - Waiting for element to be displayed [[ChromeDriver: chrome on MAC (c819725d198296b4dd3a77a34177c9b9)] -> xpath: /html/body/div/div/div/div[1]/div[3]/div[1]/button]
[DEBUG] 2022-05-05 20:11:32.448 [main] Helper - Waiting for element to be clickable [[ChromeDriver: chrome on MAC (c819725d198296b4dd3a77a34177c9b9)] -> xpath: /html/body/div/div/div/div[1]/div[3]/div[1]/button]
[INFO ] 2022-05-05 20:11:32.630 [main] Helper - Element is clicked [[ChromeDriver: chrome on MAC (c819725d198296b4dd3a77a34177c9b9)] -> xpath: /html/body/div/div/div/div[1]/div[3]/div[1]/button]
[INFO ] 2022-05-05 20:11:32.661 [main] Helper - Trying to click [[ChromeDriver: chrome on MAC (c819725d198296b4dd3a77a34177c9b9)] -> xpath: /html/body/div/div/div/div[1]/div[3]/div[1]/button]
[DEBUG] 2022-05-05 20:11:32.670 [main] Helper - Waiting for element to be displayed [[ChromeDriver: chrome on MAC (c819725d198296b4dd3a77a34177c9b9)] -> xpath: /html/body/div/div/div/div[1]/div[3]/div[1]/button]
[DEBUG] 2022-05-05 20:11:32.687 [main] Helper - Waiting for element to be clickable [[ChromeDriver: chrome on MAC (c819725d198296b4dd3a77a34177c9b9)] -> xpath: /html/body/div/div/div/div[1]/div[3]/div[1]/button]
[INFO ] 2022-05-05 20:11:32.868 [main] Helper - Element is clicked [[ChromeDriver: chrome on MAC (c819725d198296b4dd3a77a34177c9b9)] -> xpath: /html/body/div/div/div/div[1]/div[3]/div[1]/button]
[DEBUG] 2022-05-05 20:11:32.875 [main] Helper - Waiting for element to be displayed [[ChromeDriver: chrome on MAC (c819725d198296b4dd3a77a34177c9b9)] -> xpath: /html/body/div[1]/div/div/div[1]/div/h2]
[INFO ] 2022-05-05 20:11:32.907 [main] Helper - Trying to click [[ChromeDriver: chrome on MAC (c819725d198296b4dd3a77a34177c9b9)] -> xpath: /html/body/div[1]/div/div/div[1]/div/div/div/a[4]]
[DEBUG] 2022-05-05 20:11:32.916 [main] Helper - Waiting for element to be displayed [[ChromeDriver: chrome on MAC (c819725d198296b4dd3a77a34177c9b9)] -> xpath: /html/body/div[1]/div/div/div[1]/div/div/div/a[4]]
[DEBUG] 2022-05-05 20:11:32.933 [main] Helper - Waiting for element to be clickable [[ChromeDriver: chrome on MAC (c819725d198296b4dd3a77a34177c9b9)] -> xpath: /html/body/div[1]/div/div/div[1]/div/div/div/a[4]]
[INFO ] 2022-05-05 20:11:33.103 [main] Helper - Element is clicked [[ChromeDriver: chrome on MAC (c819725d198296b4dd3a77a34177c9b9)] -> xpath: /html/body/div[1]/div/div/div[1]/div/div/div/a[4]]
[INFO ] 2022-05-05 20:11:36.462 [main] Helper - Trying to click [[ChromeDriver: chrome on MAC (c819725d198296b4dd3a77a34177c9b9)] -> xpath: /html/body/div[1]/div/div/div[1]/main/div/section[2]/div[1]/div[1]/div[1]/address-selection/div/input-auto-complete-address/span/input]
[DEBUG] 2022-05-05 20:11:36.466 [main] Helper - Waiting for element to be displayed [[ChromeDriver: chrome on MAC (c819725d198296b4dd3a77a34177c9b9)] -> xpath: /html/body/div[1]/div/div/div[1]/main/div/section[2]/div[1]/div[1]/div[1]/address-selection/div/input-auto-complete-address/span/input]
[DEBUG] 2022-05-05 20:11:36.482 [main] Helper - Waiting for element to be clickable [[ChromeDriver: chrome on MAC (c819725d198296b4dd3a77a34177c9b9)] -> xpath: /html/body/div[1]/div/div/div[1]/main/div/section[2]/div[1]/div[1]/div[1]/address-selection/div/input-auto-complete-address/span/input]
[INFO ] 2022-05-05 20:11:36.663 [main] Helper - Element is clicked [[ChromeDriver: chrome on MAC (c819725d198296b4dd3a77a34177c9b9)] -> xpath: /html/body/div[1]/div/div/div[1]/main/div/section[2]/div[1]/div[1]/div[1]/address-selection/div/input-auto-complete-address/span/input]
[DEBUG] 2022-05-05 20:11:36.704 [main] Helper - Waiting for element to be displayed [[ChromeDriver: chrome on MAC (c819725d198296b4dd3a77a34177c9b9)] -> xpath: /html/body/div[1]/div/div/div[1]/main/div/section[2]/div[1]/div[1]/div[1]/address-selection/div/address-instructions/div/div[2]/ul/li[1]/div/div/button[2]]
[DEBUG] 2022-05-05 20:11:36.722 [main] Helper - Waiting for element to be clickable [[ChromeDriver: chrome on MAC (c819725d198296b4dd3a77a34177c9b9)] -> xpath: /html/body/div[1]/div/div/div[1]/main/div/section[2]/div[1]/div[1]/div[1]/address-selection/div/address-instructions/div/div[2]/ul/li[1]/div/div/button[2]]
[INFO ] 2022-05-05 20:11:36.749 [main] Helper - Trying to click [[ChromeDriver: chrome on MAC (c819725d198296b4dd3a77a34177c9b9)] -> xpath: /html/body/div[1]/div/div/div[1]/main/div/section[2]/div[1]/div[1]/div[1]/address-selection/div/address-instructions/div/div[2]/ul/li[1]/div/div/button[2]]
[DEBUG] 2022-05-05 20:11:36.759 [main] Helper - Waiting for element to be displayed [[ChromeDriver: chrome on MAC (c819725d198296b4dd3a77a34177c9b9)] -> xpath: /html/body/div[1]/div/div/div[1]/main/div/section[2]/div[1]/div[1]/div[1]/address-selection/div/address-instructions/div/div[2]/ul/li[1]/div/div/button[2]]
[DEBUG] 2022-05-05 20:11:36.781 [main] Helper - Waiting for element to be clickable [[ChromeDriver: chrome on MAC (c819725d198296b4dd3a77a34177c9b9)] -> xpath: /html/body/div[1]/div/div/div[1]/main/div/section[2]/div[1]/div[1]/div[1]/address-selection/div/address-instructions/div/div[2]/ul/li[1]/div/div/button[2]]
[INFO ] 2022-05-05 20:11:36.959 [main] Helper - Element is clicked [[ChromeDriver: chrome on MAC (c819725d198296b4dd3a77a34177c9b9)] -> xpath: /html/body/div[1]/div/div/div[1]/main/div/section[2]/div[1]/div[1]/div[1]/address-selection/div/address-instructions/div/div[2]/ul/li[1]/div/div/button[2]]
[INFO ] 2022-05-05 20:11:36.963 [main] Helper - Trying to click [[ChromeDriver: chrome on MAC (c819725d198296b4dd3a77a34177c9b9)] -> xpath: /html/body/div[1]/div/div/div[1]/main/div/section[2]/div[1]/div[1]/div[1]/address-selection/div/address-instructions/div/div[2]/ul/li[1]/div/div/button[2]]
[DEBUG] 2022-05-05 20:11:36.967 [main] Helper - Waiting for element to be displayed [[ChromeDriver: chrome on MAC (c819725d198296b4dd3a77a34177c9b9)] -> xpath: /html/body/div[1]/div/div/div[1]/main/div/section[2]/div[1]/div[1]/div[1]/address-selection/div/address-instructions/div/div[2]/ul/li[1]/div/div/button[2]]
[DEBUG] 2022-05-05 20:11:36.978 [main] Helper - Waiting for element to be clickable [[ChromeDriver: chrome on MAC (c819725d198296b4dd3a77a34177c9b9)] -> xpath: /html/body/div[1]/div/div/div[1]/main/div/section[2]/div[1]/div[1]/div[1]/address-selection/div/address-instructions/div/div[2]/ul/li[1]/div/div/button[2]]
[INFO ] 2022-05-05 20:11:37.123 [main] Helper - Element is clicked [[ChromeDriver: chrome on MAC (c819725d198296b4dd3a77a34177c9b9)] -> xpath: /html/body/div[1]/div/div/div[1]/main/div/section[2]/div[1]/div[1]/div[1]/address-selection/div/address-instructions/div/div[2]/ul/li[1]/div/div/button[2]]
[INFO ] 2022-05-05 20:11:37.127 [main] Helper - Trying to click [[ChromeDriver: chrome on MAC (c819725d198296b4dd3a77a34177c9b9)] -> xpath: /html/body/div[1]/div/div/div[1]/main/div/section[2]/div[1]/div[1]/div[1]/address-selection/div/address-instructions/div/div[2]/ul/li[1]/div/div/button[2]]
[DEBUG] 2022-05-05 20:11:37.130 [main] Helper - Waiting for element to be displayed [[ChromeDriver: chrome on MAC (c819725d198296b4dd3a77a34177c9b9)] -> xpath: /html/body/div[1]/div/div/div[1]/main/div/section[2]/div[1]/div[1]/div[1]/address-selection/div/address-instructions/div/div[2]/ul/li[1]/div/div/button[2]]
[DEBUG] 2022-05-05 20:11:37.142 [main] Helper - Waiting for element to be clickable [[ChromeDriver: chrome on MAC (c819725d198296b4dd3a77a34177c9b9)] -> xpath: /html/body/div[1]/div/div/div[1]/main/div/section[2]/div[1]/div[1]/div[1]/address-selection/div/address-instructions/div/div[2]/ul/li[1]/div/div/button[2]]
[INFO ] 2022-05-05 20:11:37.287 [main] Helper - Element is clicked [[ChromeDriver: chrome on MAC (c819725d198296b4dd3a77a34177c9b9)] -> xpath: /html/body/div[1]/div/div/div[1]/main/div/section[2]/div[1]/div[1]/div[1]/address-selection/div/address-instructions/div/div[2]/ul/li[1]/div/div/button[2]]
[DEBUG] 2022-05-05 20:11:37.293 [main] Helper - Waiting for element to be displayed [[ChromeDriver: chrome on MAC (c819725d198296b4dd3a77a34177c9b9)] -> xpath: /html/body/div[1]/div/div/div[1]/main/div/section[2]/div[1]/div[1]/div[1]/address-selection/div/address-instructions/div/div[2]/ul/li[1]/div/div/strong]
[INFO ] 2022-05-05 20:11:37.306 [main] Helper - Get text value from [[ChromeDriver: chrome on MAC (c819725d198296b4dd3a77a34177c9b9)] -> xpath: /html/body/div[1]/div/div/div[1]/main/div/section[2]/div[1]/div[1]/div[1]/address-selection/div/address-instructions/div/div[2]/ul/li[1]/div/div/strong]
[DEBUG] 2022-05-05 20:11:37.309 [main] Helper - Waiting for element to be displayed [[ChromeDriver: chrome on MAC (c819725d198296b4dd3a77a34177c9b9)] -> xpath: /html/body/div[1]/div/div/div[1]/main/div/section[2]/div[1]/div[1]/div[1]/address-selection/div/address-instructions/div/div[2]/ul/li[1]/div/div/strong]
[INFO ] 2022-05-05 20:11:37.335 [main] Helper - Trying to click [[ChromeDriver: chrome on MAC (c819725d198296b4dd3a77a34177c9b9)] -> xpath: /html/body/div[1]/div/div/div[1]/main/div/section[2]/div[1]/div[1]/div[1]/address-selection/div/address-instructions/div/div[2]/ul/li[2]/div/div/button[2]]
[DEBUG] 2022-05-05 20:11:37.339 [main] Helper - Waiting for element to be displayed [[ChromeDriver: chrome on MAC (c819725d198296b4dd3a77a34177c9b9)] -> xpath: /html/body/div[1]/div/div/div[1]/main/div/section[2]/div[1]/div[1]/div[1]/address-selection/div/address-instructions/div/div[2]/ul/li[2]/div/div/button[2]]
[DEBUG] 2022-05-05 20:11:37.361 [main] Helper - Waiting for element to be clickable [[ChromeDriver: chrome on MAC (c819725d198296b4dd3a77a34177c9b9)] -> xpath: /html/body/div[1]/div/div/div[1]/main/div/section[2]/div[1]/div[1]/div[1]/address-selection/div/address-instructions/div/div[2]/ul/li[2]/div/div/button[2]]
[INFO ] 2022-05-05 20:11:37.512 [main] Helper - Element is clicked [[ChromeDriver: chrome on MAC (c819725d198296b4dd3a77a34177c9b9)] -> xpath: /html/body/div[1]/div/div/div[1]/main/div/section[2]/div[1]/div[1]/div[1]/address-selection/div/address-instructions/div/div[2]/ul/li[2]/div/div/button[2]]
[DEBUG] 2022-05-05 20:11:37.518 [main] Helper - Waiting for element to be displayed [[ChromeDriver: chrome on MAC (c819725d198296b4dd3a77a34177c9b9)] -> xpath: /html/body/div[1]/div/div/div[1]/main/div/section[2]/div[1]/div[1]/div[1]/address-selection/div/address-instructions/div/div[2]/ul/li[2]/div/div/strong]
[INFO ] 2022-05-05 20:11:37.532 [main] Helper - Get text value from [[ChromeDriver: chrome on MAC (c819725d198296b4dd3a77a34177c9b9)] -> xpath: /html/body/div[1]/div/div/div[1]/main/div/section[2]/div[1]/div[1]/div[1]/address-selection/div/address-instructions/div/div[2]/ul/li[2]/div/div/strong]
[DEBUG] 2022-05-05 20:11:37.538 [main] Helper - Waiting for element to be displayed [[ChromeDriver: chrome on MAC (c819725d198296b4dd3a77a34177c9b9)] -> xpath: /html/body/div[1]/div/div/div[1]/main/div/section[2]/div[1]/div[1]/div[1]/address-selection/div/address-instructions/div/div[2]/ul/li[2]/div/div/strong]
[INFO ] 2022-05-05 20:11:37.560 [main] Helper - Trying to click [[ChromeDriver: chrome on MAC (c819725d198296b4dd3a77a34177c9b9)] -> xpath: /html/body/div[1]/div/div/div[1]/main/div/section[2]/div[1]/div[1]/div[1]/address-selection/div/address-instructions/div/div[2]/ul/li[9]/div/button]
[DEBUG] 2022-05-05 20:11:37.564 [main] Helper - Waiting for element to be displayed [[ChromeDriver: chrome on MAC (c819725d198296b4dd3a77a34177c9b9)] -> xpath: /html/body/div[1]/div/div/div[1]/main/div/section[2]/div[1]/div[1]/div[1]/address-selection/div/address-instructions/div/div[2]/ul/li[9]/div/button]
[DEBUG] 2022-05-05 20:11:37.576 [main] Helper - Waiting for element to be clickable [[ChromeDriver: chrome on MAC (c819725d198296b4dd3a77a34177c9b9)] -> xpath: /html/body/div[1]/div/div/div[1]/main/div/section[2]/div[1]/div[1]/div[1]/address-selection/div/address-instructions/div/div[2]/ul/li[9]/div/button]
[INFO ] 2022-05-05 20:11:37.728 [main] Helper - Element is clicked [[ChromeDriver: chrome on MAC (c819725d198296b4dd3a77a34177c9b9)] -> xpath: /html/body/div[1]/div/div/div[1]/main/div/section[2]/div[1]/div[1]/div[1]/address-selection/div/address-instructions/div/div[2]/ul/li[9]/div/button]
[INFO ] 2022-05-05 20:11:37.785 [main] Helper - Trying to click [[ChromeDriver: chrome on MAC (c819725d198296b4dd3a77a34177c9b9)] -> xpath: /html/body/div[1]/div/div/div[1]/main/div/section[2]/div[1]/div[1]/div[2]/address-selection/div/input-auto-complete-address/span/input]
[DEBUG] 2022-05-05 20:11:37.790 [main] Helper - Waiting for element to be displayed [[ChromeDriver: chrome on MAC (c819725d198296b4dd3a77a34177c9b9)] -> xpath: /html/body/div[1]/div/div/div[1]/main/div/section[2]/div[1]/div[1]/div[2]/address-selection/div/input-auto-complete-address/span/input]
[DEBUG] 2022-05-05 20:11:37.807 [main] Helper - Waiting for element to be clickable [[ChromeDriver: chrome on MAC (c819725d198296b4dd3a77a34177c9b9)] -> xpath: /html/body/div[1]/div/div/div[1]/main/div/section[2]/div[1]/div[1]/div[2]/address-selection/div/input-auto-complete-address/span/input]
[INFO ] 2022-05-05 20:11:37.965 [main] Helper - Element is clicked [[ChromeDriver: chrome on MAC (c819725d198296b4dd3a77a34177c9b9)] -> xpath: /html/body/div[1]/div/div/div[1]/main/div/section[2]/div[1]/div[1]/div[2]/address-selection/div/input-auto-complete-address/span/input]
[INFO ] 2022-05-05 20:11:38.066 [main] Helper - Trying to click [[ChromeDriver: chrome on MAC (c819725d198296b4dd3a77a34177c9b9)] -> xpath: /html/body/div[1]/div/div/div[1]/main/div/section[2]/div[1]/div[1]/div[2]/address-selection/div/address-instructions/div/div[2]/ul/li[9]/div/button]
[DEBUG] 2022-05-05 20:11:38.073 [main] Helper - Waiting for element to be displayed [[ChromeDriver: chrome on MAC (c819725d198296b4dd3a77a34177c9b9)] -> xpath: /html/body/div[1]/div/div/div[1]/main/div/section[2]/div[1]/div[1]/div[2]/address-selection/div/address-instructions/div/div[2]/ul/li[9]/div/button]
[DEBUG] 2022-05-05 20:11:38.602 [main] Helper - Waiting for element to be clickable [[ChromeDriver: chrome on MAC (c819725d198296b4dd3a77a34177c9b9)] -> xpath: /html/body/div[1]/div/div/div[1]/main/div/section[2]/div[1]/div[1]/div[2]/address-selection/div/address-instructions/div/div[2]/ul/li[9]/div/button]
[INFO ] 2022-05-05 20:11:38.759 [main] Helper - Element is clicked [[ChromeDriver: chrome on MAC (c819725d198296b4dd3a77a34177c9b9)] -> xpath: /html/body/div[1]/div/div/div[1]/main/div/section[2]/div[1]/div[1]/div[2]/address-selection/div/address-instructions/div/div[2]/ul/li[9]/div/button]
[INFO ] 2022-05-05 20:11:38.765 [main] Helper - Trying to click [[ChromeDriver: chrome on MAC (c819725d198296b4dd3a77a34177c9b9)] -> xpath: /html/body/div[1]/div/div/div[1]/main/div/section[2]/div[1]/div[2]/div[1]/date-picker/div/p/span/button]
[DEBUG] 2022-05-05 20:11:38.772 [main] Helper - Waiting for element to be displayed [[ChromeDriver: chrome on MAC (c819725d198296b4dd3a77a34177c9b9)] -> xpath: /html/body/div[1]/div/div/div[1]/main/div/section[2]/div[1]/div[2]/div[1]/date-picker/div/p/span/button]
[DEBUG] 2022-05-05 20:11:38.784 [main] Helper - Waiting for element to be clickable [[ChromeDriver: chrome on MAC (c819725d198296b4dd3a77a34177c9b9)] -> xpath: /html/body/div[1]/div/div/div[1]/main/div/section[2]/div[1]/div[2]/div[1]/date-picker/div/p/span/button]
[INFO ] 2022-05-05 20:11:38.964 [main] Helper - Element is clicked [[ChromeDriver: chrome on MAC (c819725d198296b4dd3a77a34177c9b9)] -> xpath: /html/body/div[1]/div/div/div[1]/main/div/section[2]/div[1]/div[2]/div[1]/date-picker/div/p/span/button]
[INFO ] 2022-05-05 20:11:38.977 [main] Helper - Trying to click [[ChromeDriver: chrome on MAC (c819725d198296b4dd3a77a34177c9b9)] -> xpath: /html/body/div[1]/div/div/div[1]/main/div/section[2]/div[1]/div[2]/div[1]/date-picker/div/p/div/ul/li/div/table/tbody/tr[6]/td[5]/button]
[DEBUG] 2022-05-05 20:11:38.982 [main] Helper - Waiting for element to be displayed [[ChromeDriver: chrome on MAC (c819725d198296b4dd3a77a34177c9b9)] -> xpath: /html/body/div[1]/div/div/div[1]/main/div/section[2]/div[1]/div[2]/div[1]/date-picker/div/p/div/ul/li/div/table/tbody/tr[6]/td[5]/button]
[DEBUG] 2022-05-05 20:11:38.999 [main] Helper - Waiting for element to be clickable [[ChromeDriver: chrome on MAC (c819725d198296b4dd3a77a34177c9b9)] -> xpath: /html/body/div[1]/div/div/div[1]/main/div/section[2]/div[1]/div[2]/div[1]/date-picker/div/p/div/ul/li/div/table/tbody/tr[6]/td[5]/button]
[INFO ] 2022-05-05 20:11:49.210 [main] Helper - Element is clicked Proxy element for: DefaultElementLocator 'By.xpath: /html/body/div[1]/div/div/div[1]/main/div/section[2]/div[1]/div[2]/div[1]/date-picker/div/p/div/ul/li/div/table/tbody/tr[6]/td[5]/button'
[INFO ] 2022-05-05 20:11:49.221 [main] Helper - Trying to click [[ChromeDriver: chrome on MAC (c819725d198296b4dd3a77a34177c9b9)] -> xpath: /html/body/div[1]/div/div/div[1]/main/div/section[2]/div[1]/div[2]/div[1]/div/label[2]]
[DEBUG] 2022-05-05 20:11:49.224 [main] Helper - Waiting for element to be displayed [[ChromeDriver: chrome on MAC (c819725d198296b4dd3a77a34177c9b9)] -> xpath: /html/body/div[1]/div/div/div[1]/main/div/section[2]/div[1]/div[2]/div[1]/div/label[2]]
[DEBUG] 2022-05-05 20:11:49.260 [main] Helper - Waiting for element to be clickable [[ChromeDriver: chrome on MAC (c819725d198296b4dd3a77a34177c9b9)] -> xpath: /html/body/div[1]/div/div/div[1]/main/div/section[2]/div[1]/div[2]/div[1]/div/label[2]]
[INFO ] 2022-05-05 20:11:49.437 [main] Helper - Element is clicked [[ChromeDriver: chrome on MAC (c819725d198296b4dd3a77a34177c9b9)] -> xpath: /html/body/div[1]/div/div/div[1]/main/div/section[2]/div[1]/div[2]/div[1]/div/label[2]]
[INFO ] 2022-05-05 20:11:49.437 [main] Helper - Pausing th System for 5000
[DEBUG] 2022-05-05 20:11:49.437 [main] Helper - Trying to pause the System
[INFO ] 2022-05-05 20:12:09.536 [main] Helper - Trying to click [[ChromeDriver: chrome on MAC (c50f8cb2adb2a71eaa42c33adaabaa7e)] -> xpath: /html/body/div[2]/div/main/section[1]/figure/div/div/div[1]/ul/li[2]/a]
[DEBUG] 2022-05-05 20:12:09.748 [main] Helper - Waiting for element to be displayed [[ChromeDriver: chrome on MAC (c50f8cb2adb2a71eaa42c33adaabaa7e)] -> xpath: /html/body/div[2]/div/main/section[1]/figure/div/div/div[1]/ul/li[2]/a]
[DEBUG] 2022-05-05 20:12:09.770 [main] Helper - Waiting for element to be clickable [[ChromeDriver: chrome on MAC (c50f8cb2adb2a71eaa42c33adaabaa7e)] -> xpath: /html/body/div[2]/div/main/section[1]/figure/div/div/div[1]/ul/li[2]/a]
[INFO ] 2022-05-05 20:12:09.978 [main] Helper - Element is clicked [[ChromeDriver: chrome on MAC (c50f8cb2adb2a71eaa42c33adaabaa7e)] -> xpath: /html/body/div[2]/div/main/section[1]/figure/div/div/div[1]/ul/li[2]/a]
[INFO ] 2022-05-05 20:12:09.978 [main] Helper - Pausing th System for 2000
[DEBUG] 2022-05-05 20:12:09.978 [main] Helper - Trying to pause the System
[INFO ] 2022-05-05 20:12:15.933 [main] Helper - Get text value from [[ChromeDriver: chrome on MAC (b823f15afae84fef2805e023910b049c)] -> xpath: /html[1]/body[1]/div[2]/div[1]/main[1]/section[1]/figure[1]/div[1]/div[1]/div[2]/div[1]/form[1]/div[1]/div[1]/button[1]]
[DEBUG] 2022-05-05 20:12:15.940 [main] Helper - Waiting for element to be displayed [[ChromeDriver: chrome on MAC (b823f15afae84fef2805e023910b049c)] -> xpath: /html[1]/body[1]/div[2]/div[1]/main[1]/section[1]/figure[1]/div[1]/div[1]/div[2]/div[1]/form[1]/div[1]/div[1]/button[1]]
[INFO ] 2022-05-05 20:12:16.254 [main] Helper - Trying to click [[ChromeDriver: chrome on MAC (b823f15afae84fef2805e023910b049c)] -> xpath: /html[1]/body[1]/div[2]/div[1]/main[1]/section[1]/figure[1]/div[1]/div[1]/div[2]/div[1]/form[1]/div[3]/button[1]]
[DEBUG] 2022-05-05 20:12:16.258 [main] Helper - Waiting for element to be displayed [[ChromeDriver: chrome on MAC (b823f15afae84fef2805e023910b049c)] -> xpath: /html[1]/body[1]/div[2]/div[1]/main[1]/section[1]/figure[1]/div[1]/div[1]/div[2]/div[1]/form[1]/div[3]/button[1]]
[DEBUG] 2022-05-05 20:12:16.272 [main] Helper - Waiting for element to be clickable [[ChromeDriver: chrome on MAC (b823f15afae84fef2805e023910b049c)] -> xpath: /html[1]/body[1]/div[2]/div[1]/main[1]/section[1]/figure[1]/div[1]/div[1]/div[2]/div[1]/form[1]/div[3]/button[1]]
[INFO ] 2022-05-05 20:12:27.999 [main] Helper - Element is clicked Proxy element for: DefaultElementLocator 'By.xpath: /html[1]/body[1]/div[2]/div[1]/main[1]/section[1]/figure[1]/div[1]/div[1]/div[2]/div[1]/form[1]/div[3]/button[1]'
[INFO ] 2022-05-05 20:12:27.999 [main] Helper - Pausing th System for 2000
[DEBUG] 2022-05-05 20:12:27.999 [main] Helper - Trying to pause the System
